<?xml version="1.0" encoding="UTF-8"?>
<!-- Generated by org.testng.reporters.JUnitReportReporter -->
<testsuite hostname="DESKTOP-30IQV49" failures="0" tests="1" name="OIMT.Project.ErrorValidation" time="23.908" errors="0" timestamp="2022-12-11T17:50:42 IST" skipped="0">
  <testcase classname="OIMT.Project.ErrorValidation" name="Validatin" time="23.908"/>
  <system-out/>
</testsuite> <!-- OIMT.Project.ErrorValidation -->
